Wijmo-Open v1.0.1
=============================

"use strict" has been moved into the main closure for all widgets.

Menu
-------
Fixed bug: Setting the animated and duration options wasn't effecting animation.

Calendar
-------
Fixed bug: Exception is fired when clicking a weekend day if the weekDay selection is allowed.

Splitter
-------- 
Fixed bug : ghost function in Splitter wasn't working correctly.
Remove increment from option.

Dropdown
--------
Fixed bug : Bind event (change,click) was not working in select .
Attach select element event to dropdown.

Splitter
-------- 
wijsplitter code appears a new problem. This makes the sample of wijmo-open can¡¯t work.

Dialog
------
Fixed: Fire event "resize" when maximized. 
Fixed: Icon class when using "toggle" method.

Changes made to version 0.9.0
=============================

Accordion
------
wijlinechart that located inside hidden accordion pane now updated automatically when pane visibility state changed.
Fixed problem with wrong jquery.wijmo.wijutil references for the samples and unit test.
"use strict"; moved into the function scope.

Expander
------
Fixed problem with wrong jquery.wijmo.wijutil references for the samples and unit test.
"use strict"; moved into the function scope.

Changes made to version 0.8.2
=============================

** Breaking changes.**
---------------------- 
All widgets have been renamed (file and namespaces) to conform to jQuery UI naming patterns.
- The widget names have not changed, in most cases you only need to change the script reference.
- Name change to specific wijmo css classnames.
- The decorator widgets have been renamed.

Calendar
------
Add customizeDate to option, which allows user to customize date cells.

Splitter
------
In nested case, adjust panels width for chrome. 
Fix the issue that the panel2 of splitter1 is not abound with whole splitter2.

Add the special css to the splitter.css for ie6 and ie7.  Fix the issue that it's hard to grab the resizing handle in ie6/7.

Fixed the bug for ie 6.0 and 7.0 that user can take the panel2 out of the border by dragging the bar to the right edge of splitter.

Dialog
------
Improve source code with JSLint.
Change namespace,file name, css class name.

DropdownDecorator
-----------------
Removed the z-index from the outermost element and added z-index when necessary.  The dropdown list can be covered by other dom elements.

Add z-index to the outermost element when browser is ie6.  The dropdown list can be covered by other dom elements in IE6.

Use stop method to stop the uncomplete animation.  Sometimes, opening the dropdownlist will push the below dom elements to
another position.
Add ARIA support and rename the widget namespace.

Menu
---------------------
Fixed the css bug in IE6.0 and IE7.0. Add z-index to the outer div and the panret li element and the submenu when the submenu is opened, 
remove these z-index when it hides
Remove the templete item hover event and click event.
In IE 6.0, when the submenu is shown completily, set the submenu's overflow css to empty to 
fixed the second menu is covered by the first submenu. This is the jQuery's animation's bug.
In IE 9.0, when the submenu is shown completily,wrap an div and unwrap the div to refresh the DOM 
to fixed the second menu is covered.  

Progressbar
--------------------
Remove the progressbar label's z-index to avoid cover other widget.


Changes made to version 0.8.1
=============================

Accordion
---------
Fixed javascript exception during animation under IE 9. Javascript exception 
was thrown when trying to expand/collapse accordion panes.

CheckBoxDecorator
-----------------
Modified checkboxElement.click.  The checkbox was not being checked/unchecked 
when placed inside a dialog widget.
Fixed a bug that can't use the space bar to check/uncheck a checkbox.  Added the keydown event handle th handle the space key down. 
Add ARIA support and rename the widget namespace.

Menu, ToolTip
-------------
Upgrade bgiframe from 2.1.1 to 2.1.3-pre.  This version fixed the issue that iframe is 
still created on the win7 and ie7/8/9.
Fixed the callout not shown correctly. Changed the call out border from dotted to solid.
Add an event before show the submenu.
Add Aria support.
Fixed the keyboard enter key event not show the submenu and hide the last submenu correctly.
Rename the widget namespace.
When click the close button, the url will set a '#' at the end. Fixed this bug.


Progressbar
-----------
Fixed not shown corectly when the fillDirection set to 'north' or 'south' 
and labelAlign set to 'north' or south.
Fixed the progress value is not corectly. When the indicatorIncrement is one, don't caculate the progress value. 
Add ARIA support and rename the widget namespace.



